#
# A fatal error has been detected by the Java Runtime Environment:
#
#  Internal Error (javaClasses.cpp:129), pid=3595, tid=3063823168
#  fatal error: Invalid layout of preloaded class
#
# JRE version: 6.0_32-b32
# Java VM: OpenJDK Server VM (23.25-b01 mixed mode linux-x86 )
# Failed to write core dump. Core dumps have been disabled. To enable core dumping, try "ulimit -c unlimited" before starting Java again
#
# If you would like to submit a bug report, please include
# instructions how to reproduce the bug and visit:
#   http://icedtea.classpath.org/bugzilla
#

---------------  T H R E A D  ---------------

Current thread (0xb6806800):  JavaThread "Unknown thread" [_thread_in_vm, id=3600, stack(0xb6994000,0xb69e4000)]

Stack: [0xb6994000,0xb69e4000]
[error occurred during error reporting (printing stack bounds), id 0xb]


[error occurred during error reporting (printing native stack), id 0xb]


---------------  P R O C E S S  ---------------

Java Threads: ( => current thread )

Other Threads:

=>0xb6806800 (exited) JavaThread "Unknown thread" [_thread_in_vm, id=3600, stack(0xb6994000,0xb69e4000)]

VM state:not at safepoint (not fully initialized)

VM Mutex/Monitor currently owned by a thread: None

GC Heap History (0 events):
No events

Deoptimization events (0 events):
No events

Internal exceptions (0 events):
No events

Events (10 events):
Event: 0.005 loading class 0xb6831990 done
Event: 0.005 loading class 0xb68312d0 done
Event: 0.005 loading class 0xb68312a8
Event: 0.006 loading class 0xb686e618
Event: 0.006 loading class 0xb686e618 done
Event: 0.006 loading class 0xb686e650
Event: 0.006 loading class 0xb686e650 done
Event: 0.006 loading class 0xb686e688
Event: 0.006 loading class 0xb686e688 done
Event: 0.006 loading class 0xb68312a8 done


Dynamic libraries:
08048000-08051000 r-xp 00000000 00:10 9205       /usr/lib/jvm/java-6-openjdk-i386/jre/bin/java
08051000-08053000 rw-p 00008000 00:10 9205       /usr/lib/jvm/java-6-openjdk-i386/jre/bin/java
08053000-08074000 rw-p 00000000 00:00 0          [heap]
4bd3e000-4bd5d000 r-xp 00000000 00:10 27         /UNIONFS/lib/i386-linux-gnu/ld-2.19.so
4bd5d000-4bd5e000 r--p 0001f000 00:10 27         /UNIONFS/lib/i386-linux-gnu/ld-2.19.so
4bd5e000-4bd5f000 rw-p 00020000 00:10 27         /UNIONFS/lib/i386-linux-gnu/ld-2.19.so
4bd61000-4becd000 r-xp 00000000 00:10 32         /UNIONFS/lib/i386-linux-gnu/libc-2.19.so
4becd000-4becf000 r--p 0016c000 00:10 32         /UNIONFS/lib/i386-linux-gnu/libc-2.19.so
4becf000-4bed0000 rw-p 0016e000 00:10 32         /UNIONFS/lib/i386-linux-gnu/libc-2.19.so
4bed0000-4bed3000 rw-p 00000000 00:00 0 
4bed5000-4bed8000 r-xp 00000000 00:10 36         /UNIONFS/lib/i386-linux-gnu/libdl-2.19.so
4bed8000-4bed9000 r--p 00002000 00:10 36         /UNIONFS/lib/i386-linux-gnu/libdl-2.19.so
4bed9000-4beda000 rw-p 00003000 00:10 36         /UNIONFS/lib/i386-linux-gnu/libdl-2.19.so
4bedc000-4bee0000 r-xp 00000000 00:10 20275      /usr/lib/jvm/java-6-openjdk-i386/jre/lib/i386/jli/libjli.so
4bee0000-4bee1000 rw-p 00003000 00:10 20275      /usr/lib/jvm/java-6-openjdk-i386/jre/lib/i386/jli/libjli.so
4bf23000-4bf3a000 r-xp 00000000 00:10 171        /UNIONFS/lib/i386-linux-gnu/libpthread-2.19.so
4bf3a000-4bf3b000 r--p 00016000 00:10 171        /UNIONFS/lib/i386-linux-gnu/libpthread-2.19.so
4bf3b000-4bf3c000 rw-p 00017000 00:10 171        /UNIONFS/lib/i386-linux-gnu/libpthread-2.19.so
4bf3c000-4bf3e000 rw-p 00000000 00:00 0 
4bf40000-4bf57000 r-xp 00000000 00:10 49         /UNIONFS/lib/i386-linux-gnu/libz.so.1.2.8
4bf57000-4bf58000 r--p 00016000 00:10 49         /UNIONFS/lib/i386-linux-gnu/libz.so.1.2.8
4bf58000-4bf59000 rw-p 00017000 00:10 49         /UNIONFS/lib/i386-linux-gnu/libz.so.1.2.8
4bf5b000-4bf62000 r-xp 00000000 00:10 167        /UNIONFS/lib/i386-linux-gnu/librt-2.19.so
4bf62000-4bf63000 r--p 00006000 00:10 167        /UNIONFS/lib/i386-linux-gnu/librt-2.19.so
4bf63000-4bf64000 rw-p 00007000 00:10 167        /UNIONFS/lib/i386-linux-gnu/librt-2.19.so
4c286000-4c2a2000 r-xp 00000000 00:10 6569       /UNIONFS/lib/i386-linux-gnu/libgcc_s.so.1
4c2a2000-4c2a3000 rw-p 0001b000 00:10 6569       /UNIONFS/lib/i386-linux-gnu/libgcc_s.so.1
4c2a5000-4c38d000 r-xp 00000000 00:10 6568       /usr/lib/i386-linux-gnu/libstdc++.so.6.0.20
4c38d000-4c391000 r--p 000e8000 00:10 6568       /usr/lib/i386-linux-gnu/libstdc++.so.6.0.20
4c391000-4c393000 rw-p 000ec000 00:10 6568       /usr/lib/i386-linux-gnu/libstdc++.so.6.0.20
4c393000-4c39a000 rw-p 00000000 00:00 0 
4e3fc000-4e411000 r-xp 00000000 00:10 62         /UNIONFS/lib/i386-linux-gnu/libnsl-2.19.so
4e411000-4e412000 r--p 00015000 00:10 62         /UNIONFS/lib/i386-linux-gnu/libnsl-2.19.so
4e412000-4e413000 rw-p 00016000 00:10 62         /UNIONFS/lib/i386-linux-gnu/libnsl-2.19.so
4e413000-4e415000 rw-p 00000000 00:00 0 
7deb0000-7df88000 r--s 0137c000 00:10 11240      /home/knoppix/adt-bundle-linux-x86-20140702/sdk/platforms/android-20/android.jar
7df88000-80100000 rw-p 00000000 00:00 0 
80100000-80121000 rw-p 00000000 00:00 0 
80121000-80200000 ---p 00000000 00:00 0 
80280000-80281000 ---p 00000000 00:00 0 
80281000-80300000 rw-p 00000000 00:00 0          [stack:3602]
80300000-80321000 rw-p 00000000 00:00 0 
80321000-80400000 ---p 00000000 00:00 0 
80401000-80402000 ---p 00000000 00:00 0 
80402000-80489000 rw-p 00000000 00:00 0          [stack:3601]
80489000-804c1000 rw-p 00000000 00:00 0 
804c1000-804d0000 rw-p 00000000 00:00 0 
804d0000-805a7000 rw-p 00000000 00:00 0 
805a7000-805af000 rw-p 00000000 00:00 0 
805af000-805e7000 rw-p 00000000 00:00 0 
805e7000-805f6000 rw-p 00000000 00:00 0 
805f6000-806cc000 rw-p 00000000 00:00 0 
806cc000-806d4000 rw-p 00000000 00:00 0 
806d4000-8073f000 rw-p 00000000 00:00 0 
8073f000-81740000 rw-p 00000000 00:00 0 
81740000-88740000 rw-p 00000000 00:00 0 
88740000-8a3f0000 rw-p 00000000 00:00 0 
8a3f0000-a51f0000 rw-p 00000000 00:00 0 
a51f0000-a6040000 rw-p 00000000 00:00 0 
a6040000-b3740000 rw-p 00000000 00:00 0 
b3740000-b3749000 rw-p 00000000 00:00 0 
b3749000-b3800000 rw-p 00000000 00:00 0 
b3800000-b3a40000 rwxp 00000000 00:00 0 
b3a40000-b6879000 rw-p 00000000 00:00 0 
b6879000-b6900000 ---p 00000000 00:00 0 
b6930000-b693b000 r-xp 00000000 00:10 70         /UNIONFS/lib/i386-linux-gnu/libnss_files-2.19.so
b693b000-b693c000 r--p 0000a000 00:10 70         /UNIONFS/lib/i386-linux-gnu/libnss_files-2.19.so
b693c000-b693d000 rw-p 0000b000 00:10 70         /UNIONFS/lib/i386-linux-gnu/libnss_files-2.19.so
b6963000-b696a000 r-xp 00000000 00:10 10791      /usr/lib/jvm/java-6-openjdk-i386/jre/lib/i386/libzip.so
b696a000-b696b000 rw-p 00007000 00:10 10791      /usr/lib/jvm/java-6-openjdk-i386/jre/lib/i386/libzip.so
b696b000-b6992000 r-xp 00000000 00:10 10788      /usr/lib/jvm/java-6-openjdk-i386/jre/lib/i386/libjava.so
b6992000-b6994000 rw-p 00027000 00:10 10788      /usr/lib/jvm/java-6-openjdk-i386/jre/lib/i386/libjava.so
b6994000-b6997000 ---p 00000000 00:00 0 
b6997000-b69e4000 rw-p 00000000 00:00 0          [stack:3600]
b69e4000-b6a27000 r-xp 00000000 00:10 6126       /UNIONFS/lib/i386-linux-gnu/libm-2.19.so
b6a27000-b6a28000 r--p 00042000 00:10 6126       /UNIONFS/lib/i386-linux-gnu/libm-2.19.so
b6a28000-b6a29000 rw-p 00043000 00:10 6126       /UNIONFS/lib/i386-linux-gnu/libm-2.19.so
b6a29000-b7311000 r-xp 00000000 00:10 20279      /usr/lib/jvm/java-6-openjdk-i386/jre/lib/i386/server/libjvm.so
b7311000-b736c000 rw-p 008e8000 00:10 20279      /usr/lib/jvm/java-6-openjdk-i386/jre/lib/i386/server/libjvm.so
b736c000-b778a000 rw-p 00000000 00:00 0 
b778b000-b7793000 rw-s 00000000 00:14 136036     /tmp/hsperfdata_knoppix/3595
b7793000-b779d000 r-xp 00000000 00:10 66         /UNIONFS/lib/i386-linux-gnu/libnss_nis-2.19.so
b779d000-b779e000 r--p 00009000 00:10 66         /UNIONFS/lib/i386-linux-gnu/libnss_nis-2.19.so
b779e000-b779f000 rw-p 0000a000 00:10 66         /UNIONFS/lib/i386-linux-gnu/libnss_nis-2.19.so
b779f000-b77a6000 r-xp 00000000 00:10 58         /UNIONFS/lib/i386-linux-gnu/libnss_compat-2.19.so
b77a6000-b77a7000 r--p 00006000 00:10 58         /UNIONFS/lib/i386-linux-gnu/libnss_compat-2.19.so
b77a7000-b77a8000 rw-p 00007000 00:10 58         /UNIONFS/lib/i386-linux-gnu/libnss_compat-2.19.so
b77a8000-b77a9000 rw-p 00000000 00:00 0 
b77a9000-b77aa000 r--p 00000000 00:00 0 
b77aa000-b77b7000 r-xp 00000000 00:10 10787      /usr/lib/jvm/java-6-openjdk-i386/jre/lib/i386/libverify.so
b77b7000-b77b8000 rw-p 0000c000 00:10 10787      /usr/lib/jvm/java-6-openjdk-i386/jre/lib/i386/libverify.so
b77b8000-b77ba000 rw-p 00000000 00:00 0 
bfa37000-bfa58000 rw-p 00000000 00:00 0          [stack]

VM Arguments:
jvm_args: -Dfile.encoding=UTF-8 -Xbootclasspath:/home/knoppix/adt-bundle-linux-x86-20140702/sdk/platforms/android-20/android.jar 
java_command: hello
Launcher Type: SUN_STANDARD

Environment Variables:
PATH=/usr/local/sbin:/usr/local/bin:/usr/sbin:/usr/bin:/sbin:/bin:/usr/games
LD_LIBRARY_PATH=/usr/lib/jvm/java-6-openjdk-i386/jre/lib/i386/server:/usr/lib/jvm/java-6-openjdk-i386/jre/lib/i386:/usr/lib/jvm/java-6-openjdk-i386/jre/../lib/i386:/usr/lib/jvm/java-6-openjdk-i386/jre/lib/i386/client:/usr/lib/jvm/java-6-openjdk-i386/jre/lib/i386:
SHELL=/bin/bash
DISPLAY=:0.0

Signal Handlers:
SIGSEGV: [libjvm.so+0x724c60], sa_mask[0]=0x7ffbfeff, sa_flags=0x10000004
SIGBUS: [libjvm.so+0x724c60], sa_mask[0]=0x7ffbfeff, sa_flags=0x10000004
SIGFPE: [libjvm.so+0x5cd820], sa_mask[0]=0x7ffbfeff, sa_flags=0x10000004
SIGPIPE: [libjvm.so+0x5cd820], sa_mask[0]=0x7ffbfeff, sa_flags=0x10000004
SIGXFSZ: [libjvm.so+0x5cd820], sa_mask[0]=0x7ffbfeff, sa_flags=0x10000004
SIGILL: [libjvm.so+0x5cd820], sa_mask[0]=0x7ffbfeff, sa_flags=0x10000004
SIGUSR1: SIG_DFL, sa_mask[0]=0x00000000, sa_flags=0x00000000
SIGUSR2: [libjvm.so+0x5cd6c0], sa_mask[0]=0x00000004, sa_flags=0x10000004
SIGHUP: SIG_DFL, sa_mask[0]=0x00000000, sa_flags=0x00000000
SIGINT: SIG_DFL, sa_mask[0]=0x00000000, sa_flags=0x00000000
SIGTERM: SIG_DFL, sa_mask[0]=0x00000000, sa_flags=0x00000000
SIGQUIT: SIG_DFL, sa_mask[0]=0x00000000, sa_flags=0x00000000


---------------  S Y S T E M  ---------------

OS:7.6

uname:Linux 3.16.2 #8 SMP PREEMPT Tue Sep 9 20:09:30 CEST 2014 i686
libc:glibc 2.19 NPTL 2.19 
rlimit: STACK 8192k, CORE 0k, NPROC 21977, NOFILE 4096, AS infinity
load average:0.22 0.42 0.27

/proc/meminfo:
MemTotal:        2814692 kB
MemFree:         1626896 kB
MemAvailable:    2131808 kB
Buffers:           15968 kB
Cached:           543644 kB
SwapCached:            0 kB
Active:           783988 kB
Inactive:         320316 kB
Active(anon):     547676 kB
Inactive(anon):     6952 kB
Active(file):     236312 kB
Inactive(file):   313364 kB
Unevictable:           0 kB
Mlocked:               0 kB
HighTotal:       1940232 kB
HighFree:        1098472 kB
LowTotal:         874460 kB
LowFree:          528424 kB
SwapTotal:       2111016 kB
SwapFree:        2111016 kB
Dirty:                80 kB
Writeback:             0 kB
AnonPages:        544736 kB
Mapped:           137764 kB
Shmem:              9908 kB
Slab:              54800 kB
SReclaimable:      31268 kB
SUnreclaim:        23532 kB
KernelStack:        2424 kB
PageTables:         3428 kB
NFS_Unstable:          0 kB
Bounce:               60 kB
WritebackTmp:          0 kB
CommitLimit:     3518360 kB
Committed_AS:    1440728 kB
VmallocTotal:     122880 kB
VmallocUsed:       25552 kB
VmallocChunk:      86500 kB
HardwareCorrupted:     0 kB
HugePages_Total:       0
HugePages_Free:        0
HugePages_Rsvd:        0
HugePages_Surp:        0
Hugepagesize:       4096 kB
DirectMap4k:       16376 kB
DirectMap4M:      892928 kB


CPU:total 2 (2 cores per cpu, 1 threads per core) family 6 model 58 stepping 9, cmov, cx8, fxsr, mmx, sse, sse2, sse3, ssse3, sse4.1, sse4.2, popcnt, tsc, tscinvbit, tscinv

/proc/cpuinfo:
processor	: 0
vendor_id	: GenuineIntel
cpu family	: 6
model		: 58
model name	: Intel(R) Pentium(R) CPU 2020M @ 2.40GHz
stepping	: 9
microcode	: 0x12
cpu MHz		: 2299.687
cache size	: 2048 KB
physical id	: 0
siblings	: 2
core id		: 0
cpu cores	: 2
apicid		: 0
initial apicid	: 0
fdiv_bug	: no
f00f_bug	: no
coma_bug	: no
fpu		: yes
fpu_exception	: yes
cpuid level	: 13
wp		: yes
flags		: fpu vme de pse tsc msr pae mce cx8 apic sep mtrr pge mca cmov pat pse36 clflush dts acpi mmx fxsr sse sse2 ss ht tm pbe nx rdtscp lm constant_tsc arch_perfmon pebs bts xtopology nonstop_tsc aperfmperf eagerfpu pni pclmulqdq dtes64 monitor ds_cpl vmx est tm2 ssse3 cx16 xtpr pdcm pcid sse4_1 sse4_2 x2apic popcnt tsc_deadline_timer xsave lahf_lm arat epb xsaveopt pln pts dtherm tpr_shadow vnmi flexpriority ept vpid fsgsbase smep erms
bogomips	: 4791.82
clflush size	: 64
cache_alignment	: 64
address sizes	: 36 bits physical, 48 bits virtual
power management:

processor	: 1
vendor_id	: GenuineIntel
cpu family	: 6
model		: 58
model name	: Intel(R) Pentium(R) CPU 2020M @ 2.40GHz
stepping	: 9
microcode	: 0x12
cpu MHz		: 2299.781
cache size	: 2048 KB
physical id	: 0
siblings	: 2
core id		: 1
cpu cores	: 2
apicid		: 2
initial apicid	: 2
fdiv_bug	: no
f00f_bug	: no
coma_bug	: no
fpu		: yes
fpu_exception	: yes
cpuid level	: 13
wp		: yes
flags		: fpu vme de pse tsc msr pae mce cx8 apic sep mtrr pge mca cmov pat pse36 clflush dts acpi mmx fxsr sse sse2 ss ht tm pbe nx rdtscp lm constant_tsc arch_perfmon pebs bts xtopology nonstop_tsc aperfmperf eagerfpu pni pclmulqdq dtes64 monitor ds_cpl vmx est tm2 ssse3 cx16 xtpr pdcm pcid sse4_1 sse4_2 x2apic popcnt tsc_deadline_timer xsave lahf_lm arat epb xsaveopt pln pts dtherm tpr_shadow vnmi flexpriority ept vpid fsgsbase smep erms
bogomips	: 4791.82
clflush size	: 64
cache_alignment	: 64
address sizes	: 36 bits physical, 48 bits virtual
power management:



Memory: 4k page, physical 2814692k(1626896k free), swap 2111016k(2111016k free)

vm_info: OpenJDK Server VM (23.25-b01) for linux-x86 JRE (1.6.0_32-b32), built on Jul 17 2014 07:38:24 by "jmm" with gcc 4.7.2

time: Thu Apr  9 23:38:56 2015
elapsed time: 0 seconds

